<?xml version="1.0" encoding="UTF-8"?>
<testsuite name="TestSuite" time="69.345" tests="4" errors="0" skipped="0" failures="0">
  <properties>
[...]
</properties>
  <testcase name="verifyFunctionalityForBuyAmountAndSellAmountBoxEmpty" classname="com.hybridframework.qa.testpages.CurrencyConversionTest" time="18.123"/>
  <testcase name="verifyFunctionalityForSellAmountAndBuyAmountBoxEmpty" classname="com.hybridframework.qa.testpages.CurrencyConversionTest" time="13.739"/>
  <testcase name="verifyCurrencyOptionChangedAndCurrencyRatesUpdatedBasedOnCountrySelected" classname="com.hybridframework.qa.testpages.CurrencyConversionTest" time="16.8"/>
  <testcase name="verifyLossAmountWhenBankProviderAmountForSellingIsLowerThanTheCompanyProvidedAmount" classname="com.hybridframework.qa.testpages.CurrencyConversionTest" time="20.683"/>
</testsuite>