<?xml version="1.0" encoding="UTF-8"?>
<!-- Generated by org.testng.reporters.JUnitXMLReporter -->
<testsuite hostname="jyoti-HP-ProBook-450-G1" ignored="0" name="FeatureTest" tests="4" failures="0" timestamp="2021-03-27T16:37:03 BDT" time="80.78" errors="0">
  <testcase name="verifyFunctionalityForBuyAmountAndSellAmountBoxEmpty" time="17.953" classname="com.hybridframework.qa.testpages.CurrencyConversionTest"/>
  <testcase name="verifyFunctionalityForSellAmountAndBuyAmountBoxEmpty" time="13.602" classname="com.hybridframework.qa.testpages.CurrencyConversionTest"/>
  <testcase name="verifyCurrencyOptionChangedAndCurrencyRatesUpdatedBasedOnCountrySelected" time="16.665" classname="com.hybridframework.qa.testpages.CurrencyConversionTest"/>
  <testcase name="verifyLossAmountWhenBankProviderAmountForSellingIsLowerThanTheCompanyProvidedAmount" time="20.527" classname="com.hybridframework.qa.testpages.CurrencyConversionTest"/>
</testsuite> <!-- FeatureTest -->
